<?xml version="1.0" encoding="UTF-8"?>
<!-- Generated by org.testng.reporters.JUnitXMLReporter -->
<testsuite hostname="Snehal-Laptop" ignored="0" name="Default test" tests="2" failures="0" timestamp="2020-02-09T17:05:29 IST" time="3.874" errors="0">
  <testcase name="GetWeatherDetails_Valid" time="3.159" classname="RestAssuredTest_1.RestAssuredTest_1"/>
  <testcase name="GetWeatherDetails_InValid" time="0.626" classname="RestAssuredTest_1.RestAssuredTest_1"/>
</testsuite> <!-- Default test -->
