<?xml version="1.0" encoding="UTF-8"?>
<testng-results skipped="0" failed="0" ignored="0" total="2" passed="2">
  <reporter-output>
  </reporter-output>
  <suite name="Default suite" duration-ms="3874" started-at="2020-02-09T17:05:26 IST" finished-at="2020-02-09T17:05:29 IST">
    <groups>
    </groups>
    <test name="Default test" duration-ms="3874" started-at="2020-02-09T17:05:26 IST" finished-at="2020-02-09T17:05:29 IST">
      <class name="RestAssuredTest_1.RestAssuredTest_1">
        <test-method status="PASS" signature="beforeTest()[pri:0, instance:RestAssuredTest_1.RestAssuredTest_1@61322f9d]" name="beforeTest" is-config="true" duration-ms="23" started-at="2020-02-09T17:05:26 IST" finished-at="2020-02-09T17:05:26 IST">
          <reporter-output>
          </reporter-output>
        </test-method> <!-- beforeTest -->
        <test-method status="PASS" signature="GetWeatherDetails_Valid()[pri:1, instance:RestAssuredTest_1.RestAssuredTest_1@61322f9d]" name="GetWeatherDetails_Valid" duration-ms="3159" started-at="2020-02-09T17:05:26 IST" finished-at="2020-02-09T17:05:29 IST">
          <reporter-output>
          </reporter-output>
        </test-method> <!-- GetWeatherDetails_Valid -->
        <test-method status="PASS" signature="GetWeatherDetails_InValid()[pri:2, instance:RestAssuredTest_1.RestAssuredTest_1@61322f9d]" name="GetWeatherDetails_InValid" duration-ms="626" started-at="2020-02-09T17:05:29 IST" finished-at="2020-02-09T17:05:29 IST">
          <reporter-output>
          </reporter-output>
        </test-method> <!-- GetWeatherDetails_InValid -->
        <test-method status="PASS" signature="afterTest()[pri:0, instance:RestAssuredTest_1.RestAssuredTest_1@61322f9d]" name="afterTest" is-config="true" duration-ms="2" started-at="2020-02-09T17:05:29 IST" finished-at="2020-02-09T17:05:29 IST">
          <reporter-output>
          </reporter-output>
        </test-method> <!-- afterTest -->
      </class> <!-- RestAssuredTest_1.RestAssuredTest_1 -->
    </test> <!-- Default test -->
  </suite> <!-- Default suite -->
</testng-results>
